platforms/android/build/outputs/apk/manifest-merger-debug-report.txt
-- Merging decision tree log ---
manifest
ADDED from AndroidManifest.xml:2:1
	package
		ADDED from AndroidManifest.xml:2:98
	android:versionName
		ADDED from AndroidManifest.xml:2:70
	android:hardwareAccelerated
		ADDED from AndroidManifest.xml:2:11
	android:versionCode
		ADDED from AndroidManifest.xml:2:46
		INJECTED from AndroidManifest.xml:0:0
		INJECTED from AndroidManifest.xml:0:0
	xmlns:android
		ADDED from AndroidManifest.xml:2:140
supports-screens
ADDED from AndroidManifest.xml:3:5
	android:largeScreens
		ADDED from AndroidManifest.xml:3:49
	android:smallScreens
		ADDED from AndroidManifest.xml:3:132
	android:normalScreens
		ADDED from AndroidManifest.xml:3:77
	android:xlargeScreens
		ADDED from AndroidManifest.xml:3:160
	android:resizeable
		ADDED from AndroidManifest.xml:3:106
	android:anyDensity
		ADDED from AndroidManifest.xml:3:23
uses-permission#android.permission.INTERNET
ADDED from AndroidManifest.xml:4:5
	android:name
		ADDED from AndroidManifest.xml:4:22
uses-permission#android.permission.ACCESS_NETWORK_STATE
ADDED from AndroidManifest.xml:5:5
	android:name
		ADDED from AndroidManifest.xml:5:22
uses-permission#android.permission.ACCESS_WIFI_STATE
ADDED from AndroidManifest.xml:6:5
	android:name
		ADDED from AndroidManifest.xml:6:22
application
ADDED from AndroidManifest.xml:7:5
	android:label
		ADDED from AndroidManifest.xml:7:83
	android:supportsRtl
		ADDED from AndroidManifest.xml:7:116
	android:hardwareAccelerated
		ADDED from AndroidManifest.xml:7:18
	android:icon
		ADDED from AndroidManifest.xml:7:53
activity#com.martinmicunda.photo_gallery.MainActivity
ADDED from AndroidManifest.xml:8:9
	android:label
		ADDED from AndroidManifest.xml:8:97
	android:launchMode
		ADDED from AndroidManifest.xml:8:135
	android:windowSoftInputMode
		ADDED from AndroidManifest.xml:8:248
	android:configChanges
		ADDED from AndroidManifest.xml:8:19
	android:theme
		ADDED from AndroidManifest.xml:8:194
	android:name
		ADDED from AndroidManifest.xml:8:166
intent-filter#android.intent.action.MAIN+android.intent.category.LAUNCHER
ADDED from AndroidManifest.xml:9:13
	android:label
		ADDED from AndroidManifest.xml:9:28
action#android.intent.action.MAIN
ADDED from AndroidManifest.xml:10:17
	android:name
		ADDED from AndroidManifest.xml:10:25
category#android.intent.category.LAUNCHER
ADDED from AndroidManifest.xml:11:17
	android:name
		ADDED from AndroidManifest.xml:11:27
activity#cn.jpush.android.ui.PushActivity
ADDED from AndroidManifest.xml:14:9
	android:configChanges
		ADDED from AndroidManifest.xml:14:19
	android:theme
		ADDED from AndroidManifest.xml:14:118
	android:name
		ADDED from AndroidManifest.xml:14:70
intent-filter#android.intent.category.DEFAULT+cn.jpush.android.ui.PushActivity+com.martinmicunda.photo_gallery
ADDED from AndroidManifest.xml:15:13
action#cn.jpush.android.ui.PushActivity
ADDED from AndroidManifest.xml:16:17
	android:name
		ADDED from AndroidManifest.xml:16:25
category#android.intent.category.DEFAULT
ADDED from AndroidManifest.xml:17:17
	android:name
		ADDED from AndroidManifest.xml:17:27
category#com.martinmicunda.photo_gallery
ADDED from AndroidManifest.xml:18:17
	android:name
		ADDED from AndroidManifest.xml:18:27
service#cn.jpush.android.service.DownloadService
ADDED from AndroidManifest.xml:21:9
	android:enabled
		ADDED from AndroidManifest.xml:21:18
	android:exported
		ADDED from AndroidManifest.xml:21:41
	android:name
		ADDED from AndroidManifest.xml:21:66
service#cn.jpush.android.service.PushService
ADDED from AndroidManifest.xml:22:9
	android:enabled
		ADDED from AndroidManifest.xml:22:18
	android:exported
		ADDED from AndroidManifest.xml:22:41
	android:name
		ADDED from AndroidManifest.xml:22:66
intent-filter#cn.jpush.android.intent.PUSH_TIME+cn.jpush.android.intent.PushService+cn.jpush.android.intent.REGISTER+cn.jpush.android.intent.REPORT
ADDED from AndroidManifest.xml:23:13
action#cn.jpush.android.intent.REGISTER
ADDED from AndroidManifest.xml:24:17
	android:name
		ADDED from AndroidManifest.xml:24:25
action#cn.jpush.android.intent.REPORT
ADDED from AndroidManifest.xml:25:17
	android:name
		ADDED from AndroidManifest.xml:25:25
action#cn.jpush.android.intent.PushService
ADDED from AndroidManifest.xml:26:17
	android:name
		ADDED from AndroidManifest.xml:26:25
action#cn.jpush.android.intent.PUSH_TIME
ADDED from AndroidManifest.xml:27:17
	android:name
		ADDED from AndroidManifest.xml:27:25
receiver#cn.jpush.android.service.PushReceiver
ADDED from AndroidManifest.xml:30:9
	android:enabled
		ADDED from AndroidManifest.xml:30:19
	android:name
		ADDED from AndroidManifest.xml:30:42
intent-filter#cn.jpush.android.intent.NOTIFICATION_RECEIVED_PROXY+com.martinmicunda.photo_gallery
ADDED from AndroidManifest.xml:31:13
	android:priority
		ADDED from AndroidManifest.xml:31:28
action#cn.jpush.android.intent.NOTIFICATION_RECEIVED_PROXY
ADDED from AndroidManifest.xml:32:17
	android:name
		ADDED from AndroidManifest.xml:32:25
intent-filter#android.intent.action.USER_PRESENT+android.net.conn.CONNECTIVITY_CHANGE
ADDED from AndroidManifest.xml:35:13
action#android.intent.action.USER_PRESENT
ADDED from AndroidManifest.xml:36:17
	android:name
		ADDED from AndroidManifest.xml:36:25
action#android.net.conn.CONNECTIVITY_CHANGE
ADDED from AndroidManifest.xml:37:17
	android:name
		ADDED from AndroidManifest.xml:37:25
intent-filter#android.intent.action.PACKAGE_ADDED+android.intent.action.PACKAGE_REMOVED
ADDED from AndroidManifest.xml:39:13
action#android.intent.action.PACKAGE_ADDED
ADDED from AndroidManifest.xml:40:17
	android:name
		ADDED from AndroidManifest.xml:40:25
action#android.intent.action.PACKAGE_REMOVED
ADDED from AndroidManifest.xml:41:17
	android:name
		ADDED from AndroidManifest.xml:41:25
data
ADDED from AndroidManifest.xml:42:17
	android:scheme
		ADDED from AndroidManifest.xml:42:23
receiver#cn.jpush.phonegap.MyReceiver
ADDED from AndroidManifest.xml:45:9
	android:enabled
		ADDED from AndroidManifest.xml:45:19
	android:name
		ADDED from AndroidManifest.xml:45:42
intent-filter#cn.jpush.android.intent.ACTION_RICHPUSH_CALLBACK+cn.jpush.android.intent.MESSAGE_RECEIVED+cn.jpush.android.intent.NOTIFICATION_OPENED+cn.jpush.android.intent.NOTIFICATION_RECEIVED+cn.jpush.android.intent.REGISTRATION+cn.jpush.android.intent.UNREGISTRATION+com.martinmicunda.photo_gallery
ADDED from AndroidManifest.xml:50:13
action#cn.jpush.android.intent.REGISTRATION
ADDED from AndroidManifest.xml:51:17
	android:name
		ADDED from AndroidManifest.xml:51:25
action#cn.jpush.android.intent.UNREGISTRATION
ADDED from AndroidManifest.xml:52:17
	android:name
		ADDED from AndroidManifest.xml:52:25
action#cn.jpush.android.intent.MESSAGE_RECEIVED
ADDED from AndroidManifest.xml:53:17
	android:name
		ADDED from AndroidManifest.xml:53:25
action#cn.jpush.android.intent.NOTIFICATION_RECEIVED
ADDED from AndroidManifest.xml:54:17
	android:name
		ADDED from AndroidManifest.xml:54:25
action#cn.jpush.android.intent.NOTIFICATION_OPENED
ADDED from AndroidManifest.xml:55:17
	android:name
		ADDED from AndroidManifest.xml:55:25
action#cn.jpush.android.intent.ACTION_RICHPUSH_CALLBACK
ADDED from AndroidManifest.xml:56:17
	android:name
		ADDED from AndroidManifest.xml:56:25
receiver#cn.jpush.android.service.AlarmReceiver
ADDED from AndroidManifest.xml:60:9
	android:name
		ADDED from AndroidManifest.xml:60:19
meta-data#JPUSH_CHANNEL
ADDED from AndroidManifest.xml:61:9
	android:value
		ADDED from AndroidManifest.xml:61:49
	android:name
		ADDED from AndroidManifest.xml:61:20
meta-data#JPUSH_APPKEY
ADDED from AndroidManifest.xml:62:9
	android:value
		ADDED from AndroidManifest.xml:62:48
	android:name
		ADDED from AndroidManifest.xml:62:20
uses-sdk
ADDED from AndroidManifest.xml:64:5
MERGED from android:CordovaLib:unspecified:debug:25:5
	android:targetSdkVersion
		ADDED from AndroidManifest.xml:64:42
	android:minSdkVersion
		ADDED from AndroidManifest.xml:64:15
uses-permission#com.martinmicunda.photo_gallery.permission.JPUSH_MESSAGE
ADDED from AndroidManifest.xml:65:5
	android:name
		ADDED from AndroidManifest.xml:65:22
uses-permission#android.permission.RECEIVE_USER_PRESENT
ADDED from AndroidManifest.xml:66:5
	android:name
		ADDED from AndroidManifest.xml:66:22
uses-permission#android.permission.WAKE_LOCK
ADDED from AndroidManifest.xml:67:5
	android:name
		ADDED from AndroidManifest.xml:67:22
uses-permission#android.permission.READ_PHONE_STATE
ADDED from AndroidManifest.xml:68:5
	android:name
		ADDED from AndroidManifest.xml:68:22
uses-permission#android.permission.WRITE_EXTERNAL_STORAGE
ADDED from AndroidManifest.xml:69:5
	android:name
		ADDED from AndroidManifest.xml:69:22
uses-permission#android.permission.READ_EXTERNAL_STORAGE
ADDED from AndroidManifest.xml:70:5
	android:name
		ADDED from AndroidManifest.xml:70:22
uses-permission#android.permission.VIBRATE
ADDED from AndroidManifest.xml:71:5
	android:name
		ADDED from AndroidManifest.xml:71:22
uses-permission#android.permission.MOUNT_UNMOUNT_FILESYSTEMS
ADDED from AndroidManifest.xml:72:5
	android:name
		ADDED from AndroidManifest.xml:72:22
uses-permission#android.permission.SYSTEM_ALERT_WINDOW
ADDED from AndroidManifest.xml:73:5
	android:name
		ADDED from AndroidManifest.xml:73:22
uses-permission#android.permission.WRITE_SETTINGS
ADDED from AndroidManifest.xml:74:5
	android:name
		ADDED from AndroidManifest.xml:74:22
permission#com.martinmicunda.photo_gallery.permission.JPUSH_MESSAGE
ADDED from AndroidManifest.xml:75:5
	android:protectionLevel
		ADDED from AndroidManifest.xml:75:89
	android:name
		ADDED from AndroidManifest.xml:75:17